
  "vba-21-0781-are.pdf": {
    "Veterans_Service_Members_First_Name[0]": "Md.",
    "VAFileNumber[0]": "1234",
    "VeteransLastName[0]": "Ibrahim",
    "VeteransMiddleInitial1[0]": "",
    "VeteransServiceNumber[0]": "",
    "International_Telephone_Number_If_Applicable[0]": "+8801555555555",
    "Month[0]": "12",
    "Day[0]": "10",
    "Year[0]": "1990",
    "FirstThreeNumbers[0]": "321",
    "LastFourNumbers[0]": "7890",
    "AreaCode[0]": "654",
    "Combat_Traumatic_Events[0]": "",
    "Personal_Traumatic_Events_Not_Involving_Military_Sexual_Trauma[0]": "",
    "Personal_Traumatic_Events_Involving_Military_Sexual_Trauma[0]": "",
    "Other_Traumatic_Events[0]": "",
    "Brief_Description_Of_The_Traumatic_Events[0]": "Exposure to intense heat and jet fuel fumes triggered migraine episodes",
    "Brief_Description_Of_The_Traumatic_Events[1]": "Continuous exposure to burn pits and desert dust caused chronic sinus inflammation",
    "Brief_Description_Of_The_Traumatic_Events[2]": "",
    "Location_Of_The_Traumatic_Events[0]": "Camp Pendleton",
    "Dates_The_Traumatic_Events_Occured[0]": "2020-06-10",
    "Dates_The_Traumatic_Events_Occured[1]": "2019-11-01",
    "Dates_The_Traumatic_Events_Occured[2]": "",
    "Location_Of_The_Traumatic_Events[1]": "",
    "Location_Of_The_Traumatic_Events[2]": "",
    "E_Mail_Address_Optional[0]": "dummy.veteran@example.com",
    "#subform[2]": "",
    "Brief_Description_Of_The_Traumatic_Events[3]": "",
    "Location_Of_The_Traumatic_Events[3]": "",
    "Dates_The_Traumatic_Events_Occured[3]": "",
    "Dates_The_Traumatic_Events_Occured[4]": "",
    "Location_Of_The_Traumatic_Events[4]": "",
    "Increased_Decreased_Visits_To_A_Healthcare_Professional_Counselor_Or_Treatment_Facility[0]": "",
    "Request_For_A_Change_In_Occupational_Series_Or_Duty_Assignment[0]": "",
    "Increased_Decreased_Use_Of_Leave[0]": "",
    "Changes_In_Performance_Or_Performance_Evaluations[0]": "",
    "Episodes_Of_Depression_Panic_Attacks_Or_Anxiety[0]": "",
    "Increased_Decreased_Use_Of_Prescription_Medications[0]": "",
    "Increased_Decreased_Use_Of_Over_The_Counter_Medications[0]": "",
    "Increased_Decreased_Use_Of_Alcohol_Or_Drugs[0]": "",
    "Disciplinary_Or_Legal_Difficulties[0]": "",
    "Changes_In_Eating_Habits_Such_As_Overeating_Or_Undereating_Or_Significant_Changes_In_Weight[0]": "",
    "Brief_Description_Of_The_Traumatic_Events[4]": "",
    "Dates_The_Traumatic_Events_Occured[5]": "",
    "Location_Of_The_Traumatic_Events[5]": "",
    "Brief_Description_Of_The_Traumatic_Events[5]": "",
    "Additional_Information_About_Behavioral_Changes[0]": "",
    "Additional_Information_About_Behavioral_Changes[1]": "",
    "Additional_Information_About_Behavioral_Changes[2]": "",
    "Additional_Information_About_Behavioral_Changes[3]": "",
    "Additional_Information_About_Behavioral_Changes[4]": "",
    "Additional_Information_About_Behavioral_Changes[5]": "",
    "Additional_Information_About_Behavioral_Changes[6]": "",
    "Additional_Information_About_Behavioral_Changes[7]": "",
    "Additional_Information_About_Behavioral_Changes[8]": "",
    "Additional_Information_About_Behavioral_Changes[9]": "",
    "#subform[3]": "",
    "List_Additional_Behavioral_Changes[0]": "",
    "Pregnancy_Tests_Around_The_Time_Of_The_Traumatic_Events[0]": "",
    "Tests_For_Sexually_Transmitted_Infections[0]": "",
    "Economic_Or_Social_Behavioral_Changes[0]": "",
    "Changes_In_Or_Breakup_Of_A_Significant_Relationship[0]": "",
    "RadioButtonList[0]": "",
    "RadioButtonList[1]": "",
    "Police_Report_Location_If_Known[0]": "",
    "Other_Report[0]": "",
    "A_Rape_Crisis_Center_Or_Center_For_Domestic_Abuse[0]": "",
    "A_Counseling_Facility_Or_Health_Clinic[0]": "",
    "Family_Member_Or_Roomates[0]": "",
    "A_Faculty_Member[0]": "",
    "Civilian_Police_Reports[0]": "",
    "Medical_Reports_From_Civilian_Physicians_Or_Caregivers_Who_Treated_You_Immediately_Following_The_Incident_Or_Sometime_Later[0]": "",
    "A_Chaplain_Or_Clergy[0]": "",
    "Fellow_Service_Members[0]": "",
    "Personal_Diaries_Or_Journals[0]": "",
    "Combat_Traumatic_Events[1]": "",
    "Other_Specify_Below[0]": "",
    "Other_Report[1]": "",
    "RadioButtonList[2]": "",
    "Private_Healthcare_Provider[0]": "",
    "VA_Vet_Center[0]": "",
    "Community_Care_Paid_For_By_VA[0]": "",
    "VA_Medical_Center_And_Community_Based_Outpatient_Clinics[0]": "",
    "Department_Of_Defense_Military_Treatment_Facilities[0]": "",
    "Additional_Information_About_Behavioral_Changes[10]": "",
    "Additional_Information_About_Behavioral_Changes[11]": "",
    "Additional_Information_About_Behavioral_Changes[12]": "",
    "Additional_Information_About_Behavioral_Changes[13]": "",
    "#subform[4]": "",
    "Check_Box_Do_Not_Have_Date_s[0]": "",
    "Date_Of_Treatment_Year[0]": "",
    "Date_Of_Treatment_Month[0]": "",
    "Name_And_Location_Of_Treatment_Facility[0]": "",
    "Name_And_Location_Of_Treatment_Facility[1]": "",
    "Name_And_Location_Of_Treatment_Facility[2]": "",
    "Check_Box_Do_Not_Have_Date_s[1]": "",
    "Date_Of_Treatment_Year[1]": "",
    "Date_Of_Treatment_Month[1]": "",
    "Date_Of_Treatment_Year[2]": "",
    "Date_Of_Treatment_Month[2]": "",
    "Remarks_If_Any[0]": "",
    "I_Consent_To_Have_VBA_Notify_VHA_About_Certain_Upcoming_Events_Related_To_My_Claim_And_Or_Appeal[0]": "",
    "I_Do_Not_Consent_To_Have_VBA_Notify_VHA_About_Certain_Upcoming_Events_Related_To_My_Claim_And_Or_Appeal[0]": "",
    "I_Revoke_Prior_Consent_To_Have_VBA_Notify_VHA_About_Certain_Upcoming_Events_Related_To_My_Claim_And_Or_Appeal[0]": "",
    "Not_Applicable_And_Or_Not_Enrolled_In_VHA_Healthcare[0]": "",
    "Date_Signed_Month[0]": "",
    "Date_Signed_Day[0]": "",
    "Date_Signed_Year[0]": "",
    "Digital_Signature[0]": "",
    "#subform[5]": "",
    "Printed_Name_And_Address_Of_Witness[0]": "",
    "Printed_Name_And_Address_Of_Witness[1]": "",
    "Date_Signed_Month[1]": "",
    "Date_Signed_Day[1]": "",
    "Date_Signed_Year[1]": "",
    "Date_Signed_Month[2]": "",
    "Date_Signed_Day[2]": "",
    "Date_Signed_Year[2]": "",
    "Digital_Signature[1]": "",
    "Digital_Signature[2]": "",
    "Date_Last_VAF_21_22_Or_21_22A_Submitted_Month[0]": "",
    "Date_Day[0]": "",
    "Date_Year[0]": "",
    "Accreditation_Number[0]": "",
    "#subform[6]": "",
    "F[0]": ""
  },
  "vba-21-4138-are.pdf": {
    "TelephoneNumber_LastFourNumbers[0]": "7890",
    "TelephoneNumber_FirstThreeNumbers[0]": "321",
    "TelephoneNumber_SecondThreeNumbers[0]": "654",
    "International_Phone_Number[0]": "+8801555555555",
    "EMAIL_ADDRESS[0]": "dummy.veteran@example.com",
    "EMAIL_ADDRESS[1]": "ibrahimalt@example.com",
    "Last_Name[0]": "Ibrahim",
    "Middle_Initial1[0]": "",
    "Veterans_Beneficiary_First_Name[0]": "Md.",
    "VA_File_Number_If_Applicable[0]": "1234",
    "DOB_Year[0]": "1990",
    "DOB_Day[0]": "10",
    "Veterans_DOB_Month[0]": "12",
    "Veterans_Service_Number_If_Applicable[0]": "",
    "MailingAddress_ZIPOrPostalCode_LastFourNumbers[0]": "1234",
    "MailingAddress_ZIPOrPostalCode_FirstFiveNumbers[0]": "92101",
    "MailingAddress_Country[0]": "US",
    "MailingAddress_StateOrProvince[0]": "CA",
    "MailingAddress_City[0]": "San Diego",
    "MailingAddress_ApartmentOrUnitNumber[0]": "12B",
    "MailingAddress_NumberAndStreet[0]": "1234 Freedom Blvd",
    "REMARKS[0]": "",
    "#subform[0]": "",
    "Digital_Signature[0]": "",
    "Date_Signed_Year[0]": "",
    "Date_Signed_Month[0]": "",
    "Date_Signed_Day[0]": "",
    "SocialSecurityNumber_LastFourNumbers[1]": "",
    "SocialSecurityNumber_SecondTwoNumbers[1]": "",
    "SocialSecurityNumber_FirstThreeNumbers[1]": "",
    "REMARKS[1]": "",
    "#subform[1]": "",
    "form1[0]": ""
  },
  "VBA-21-526EZ-ARE.pdf": {
    "VA_File_Number[0]": "1234",
    "Email_Address_Optional[0]": "dummy.veteran@example.com",
    "Veteran_Service_Member_First_Name[0]": "Md.",
    "Veteran_Service_Member_Last_Name[0]": "Ibrahim",
    "Veteran_Service_Member_Middle_Initial[0]": "",
    "Date_Of_Birth_Month[0]": "12",
    "Date_Of_Birth_Day[0]": "10",
    "Date_Of_Birth_Year[0]": "1990",
    "CurrentMailingAddress_NumberAndStreet[0]": "1234 Freedom Blvd",
    "CurrentMailingAddress_ApartmentOrUnitNumber[0]": "12B",
    "CurrentMailingAddress_City[0]": "San Diego",
    "CurrentMailingAddress_StateOrProvince[0]": "CA",
    "CurrentMailingAddress_Country[0]": "US",
    "CurrentMailingAddress_ZIPOrPostalCode_FirstFiveNumbers[0]": "92101",
    "CurrentMailingAddress_ZIPOrPostalCode_LastFourNumbers[0]": "1234",
    "New_Address_NumberAndStreet[0]": "",
    "New_Address_ApartmentOrUnitNumber[0]": "",
    "New_Address_City[0]": "",
    "New_Address_StateOrProvince[0]": "",
    "New_Address_Country[0]": "",
    "New_Address_ZIPOrPostalCode_FirstFiveNumbers[0]": "",
    "New_Address_ZIPOrPostalCode_LastFourNumbers[0]": "",
    "Veterans_Service_Number_If_Applicable[0]": "",
    "BDD_Claims_Only__Provide_The_Date_Or_Anticipated_Date_Of_Release_From_Active_Duty_Month[0]": "12",
    "BDD_Claims_Only_Provide_The_Date_Or_Anticipated_Date_Of_Release_From_Active_Duty_Year[0]": "2024",
    "Beginning_Date_Month[0]": "01",
    "Beginning_Date_Day[0]": "15",
    "Beginning_Date_Year[0]": "2005",
    "Ending_Date_Month[0]": "12",
    "Ending_Date_Day[0]": "20",
    "Ending_Date_Year[0]": "2024",
    "Current_VA_Employee_Check_Box[0]": "",
    "Daytime_Phone_Number_Area_Code[0]": "321",
    "Telephone_Middle_Three_Numbers[0]": "654",
    "Telephone_Last_Four_Numbers[0]": "7890",
    "FULLY_DEVELOPED_CLAIM_FDC_PROGRAM[0]": "",
    "IDES[0]": "",
    "BDD_Program_Claim[0]": "",
    "Standard_Claim_Process[0]": "",
    "BDD_Claims_Only__Provide_The_Date_Or_Anticipated_Date_Of_Release_From_Active_Duty_Day[0]": "20",
    "International_Telephone_Number_If_Applicable[0]": "+8801555555555",
    "CheckBox1[0]": "",
    "RadioButtonList2[0]": "",
    "RadioButtonList6[0]": "",
    "Email_Address_Optional[1]": "ibrahimalt@example.com",
    "Page_10[0]": "",
    "Living_In_A_Homeless_Shelter[0]": "",
    "_Living_In_A_Car_Or_Tent[0]": "",
    "g\\": "",
    "Not_Currently_In_A_Sheltered_Environment_e\\": "",
    "Staying_With_Another_Person[0]": "",
    "Fleeing_Current_Residence[0]": "",
    "OTHER_Specify[0]": "",
    "Housing_Will_Be_Lost_In_30_Days[0]": "",
    "_Homeless_Shelter[0]": "",
    "Leaving_Publicly_Funded_System_Of_Care_e\\": "",
    "OTHER_Specify[1]": "",
    "RadioButtonList2[1]": "",
    "Telephone_Number_Area_Code[0]": "321",
    "RadioButtonList2[2]": "",
    "RadioButtonList2[3]": "",
    "From_Date_Month[0]": "01",
    "From_Date_Year[0]": "2005",
    "RadioButtonList2[4]": "",
    "List_Other_Locations_Where_You_Served[0]": "Iraq, Saudi Arabia, Kuwait",
    "ASBESTOS[0]": true,
    "SHAD_Shipboard_Hazard_And_Defense[0]": false,
    "Contaminated_Water_At_Camp_Lejeune[0]": true,
    "Mustard_Gas[0]": true,
    "OTHER_Specify[2]": "Lead-based paint, Solvents, NO",
    "Military_Occupational_Specialty_MOS_Related_Toxin[0]": true,
    "Provide_Additional_Dates_And_Locations_Of_Potential_Exposure[0]": "2020-04 to 2020-11 – Burn pit exposure near Camp Buehring, Kuwait, 2018-06 to 2018-09 – Radiation exposure while stationed at radar base",
    "POINT_OF_CONTACT[0]": "",
    "To_Date_Year[0]": "2024",
    "To_Date_Month[0]": "12",
    "From_Date_Month[1]": "",
    "From_Date_Year[1]": "",
    "To_Date_Year[1]": "",
    "To_Date_Month[1]": "",
    "Radiation[0]": true,
    "From_Date_Month[2]": "",
    "From_Date_Year[2]": "",
    "To_Date_Year[2]": "",
    "To_Date_Month[2]": "",
    "OTHER_SPECIFY[0]": "",
    "OTHER_SPECIFY[1]": "",
    "Other_Specify[0]": "",
    "#subform[9]": "",
    "CURRENTDISABILITY[0]": "Prostrating Migraines",
    "Specify_Type_Of_Exposure_Event_Or_Injury[0]": "Prostrating Migraines",
    "ExplainHowDisabilityRelatesToEvent_Exposure_Injury[0]": "Exposure to intense heat and jet fuel fumes triggered migraine episodes",
    "Date_Disability_Began_Or_Worsened[0]": "2020-06-10",
    "Date12[0]": "",
    "Date12[1]":
    }
    